[ 2013-12-24T10:36:36+08:00 ] 127.0.0.1 /
INFO: [ app_begin ] --START--
INFO: ReadHtmlCache Behavior ::run [ RunTime:0.006690s ]
INFO: [ app_begin ] --END-- [ RunTime:0.015913s ]

[ 2013-12-24T10:36:36+08:00 ] 127.0.0.1 /index.php/C/Login/index
INFO: [ route_check ] --START--
INFO: CheckRoute Behavior ::run [ RunTime:0.035224s ]
INFO: [ route_check ] --END-- [ RunTime:0.035425s ]
INFO: [ app_begin ] --START--
INFO: ReadHtmlCache Behavior ::run [ RunTime:0.001090s ]
INFO: [ app_begin ] --END-- [ RunTime:0.001292s ]
INFO: [ view_parse ] --START--
NOTIC: [8] Undefined variable: loginTips D:\www\wxportal\Runtime\Cache\C\b27b87eb4ad53d2693fcb864a7bf5d31.php 第 19 行.
NOTIC: [8] Undefined variable: sy D:\www\wxportal\Runtime\Cache\C\b27b87eb4ad53d2693fcb864a7bf5d31.php 第 24 行.
NOTIC: [8] Undefined variable: gl D:\www\wxportal\Runtime\Cache\C\b27b87eb4ad53d2693fcb864a7bf5d31.php 第 25 行.
NOTIC: [8] Undefined variable: gnjs D:\www\wxportal\Runtime\Cache\C\b27b87eb4ad53d2693fcb864a7bf5d31.php 第 26 行.
NOTIC: [8] Undefined variable: zf D:\www\wxportal\Runtime\Cache\C\b27b87eb4ad53d2693fcb864a7bf5d31.php 第 27 行.
NOTIC: [8] Undefined variable: gy D:\www\wxportal\Runtime\Cache\C\b27b87eb4ad53d2693fcb864a7bf5d31.php 第 28 行.
NOTIC: [8] Undefined variable: bz D:\www\wxportal\Runtime\Cache\C\b27b87eb4ad53d2693fcb864a7bf5d31.php 第 29 行.
NOTIC: [8] Undefined variable: sy D:\www\wxportal\Runtime\Cache\C\b27b87eb4ad53d2693fcb864a7bf5d31.php 第 67 行.
NOTIC: [8] Undefined variable: gl D:\www\wxportal\Runtime\Cache\C\b27b87eb4ad53d2693fcb864a7bf5d31.php 第 68 行.
NOTIC: [8] Undefined variable: gnjs D:\www\wxportal\Runtime\Cache\C\b27b87eb4ad53d2693fcb864a7bf5d31.php 第 69 行.
NOTIC: [8] Undefined variable: zf D:\www\wxportal\Runtime\Cache\C\b27b87eb4ad53d2693fcb864a7bf5d31.php 第 70 行.
NOTIC: [8] Undefined variable: gy D:\www\wxportal\Runtime\Cache\C\b27b87eb4ad53d2693fcb864a7bf5d31.php 第 71 行.
NOTIC: [8] Undefined variable: bz D:\www\wxportal\Runtime\Cache\C\b27b87eb4ad53d2693fcb864a7bf5d31.php 第 72 行.
INFO: ParseTemplate Behavior ::run [ RunTime:0.214505s ]
INFO: [ view_parse ] --END-- [ RunTime:0.214697s ]
INFO: [ view_filter ] --START--
INFO: ContentReplace Behavior ::run [ RunTime:0.006041s ]
INFO: TokenBuild Behavior ::run [ RunTime:0.006105s ]
INFO: WriteHtmlCache Behavior ::run [ RunTime:0.005920s ]
INFO: ShowRuntime Behavior ::run [ RunTime:0.007424s ]
INFO: [ view_filter ] --END-- [ RunTime:0.026027s ]
INFO: [ view_end ] --START--
INFO: ShowPageTrace Behavior ::run [ RunTime:0.007157s ]
INFO: [ view_end ] --END-- [ RunTime:0.007329s ]

[ 2013-12-24T10:36:37+08:00 ] 127.0.0.1 /index.php/C/Login/verify
INFO: [ route_check ] --START--
INFO: CheckRoute Behavior ::run [ RunTime:0.000854s ]
INFO: [ route_check ] --END-- [ RunTime:0.001013s ]
INFO: [ app_begin ] --START--
INFO: ReadHtmlCache Behavior ::run [ RunTime:0.001300s ]
INFO: [ app_begin ] --END-- [ RunTime:0.001719s ]

[ 2013-12-24T10:36:49+08:00 ] 127.0.0.1 /index.php/C/Login/handleLogin
INFO: [ route_check ] --START--
INFO: CheckRoute Behavior ::run [ RunTime:0.000915s ]
INFO: [ route_check ] --END-- [ RunTime:0.001109s ]
INFO: [ app_begin ] --START--
INFO: ReadHtmlCache Behavior ::run [ RunTime:0.001668s ]
INFO: [ app_begin ] --END-- [ RunTime:0.001825s ]
SQL: SHOW COLUMNS FROM `user` [ RunTime:0.147172s ]
SQL: SELECT * FROM `user` WHERE ( accountname='admin001' ) LIMIT 1   [ RunTime:0.016750s ]

[ 2013-12-24T10:36:49+08:00 ] 127.0.0.1 /index.php/C/Index/index
INFO: [ route_check ] --START--
INFO: CheckRoute Behavior ::run [ RunTime:0.000999s ]
INFO: [ route_check ] --END-- [ RunTime:0.001177s ]
INFO: [ app_begin ] --START--
INFO: ReadHtmlCache Behavior ::run [ RunTime:0.001044s ]
INFO: [ app_begin ] --END-- [ RunTime:0.001226s ]
INFO: [ view_parse ] --START--
NOTIC: [8] Undefined variable: gl D:\www\wxportal\Runtime\Cache\C\7c0be23c1042e93d15ab78a09f15d18a.php 第 25 行.
NOTIC: [8] Undefined variable: gnjs D:\www\wxportal\Runtime\Cache\C\7c0be23c1042e93d15ab78a09f15d18a.php 第 26 行.
NOTIC: [8] Undefined variable: zf D:\www\wxportal\Runtime\Cache\C\7c0be23c1042e93d15ab78a09f15d18a.php 第 27 行.
NOTIC: [8] Undefined variable: gy D:\www\wxportal\Runtime\Cache\C\7c0be23c1042e93d15ab78a09f15d18a.php 第 28 行.
NOTIC: [8] Undefined variable: bz D:\www\wxportal\Runtime\Cache\C\7c0be23c1042e93d15ab78a09f15d18a.php 第 29 行.
NOTIC: [8] Undefined variable: gl D:\www\wxportal\Runtime\Cache\C\7c0be23c1042e93d15ab78a09f15d18a.php 第 47 行.
NOTIC: [8] Undefined variable: gnjs D:\www\wxportal\Runtime\Cache\C\7c0be23c1042e93d15ab78a09f15d18a.php 第 48 行.
NOTIC: [8] Undefined variable: zf D:\www\wxportal\Runtime\Cache\C\7c0be23c1042e93d15ab78a09f15d18a.php 第 49 行.
NOTIC: [8] Undefined variable: gy D:\www\wxportal\Runtime\Cache\C\7c0be23c1042e93d15ab78a09f15d18a.php 第 50 行.
NOTIC: [8] Undefined variable: bz D:\www\wxportal\Runtime\Cache\C\7c0be23c1042e93d15ab78a09f15d18a.php 第 51 行.
INFO: ParseTemplate Behavior ::run [ RunTime:0.021947s ]
INFO: [ view_parse ] --END-- [ RunTime:0.022180s ]
INFO: [ view_filter ] --START--
INFO: ContentReplace Behavior ::run [ RunTime:0.001061s ]
INFO: TokenBuild Behavior ::run [ RunTime:0.000928s ]
INFO: WriteHtmlCache Behavior ::run [ RunTime:0.001107s ]
INFO: ShowRuntime Behavior ::run [ RunTime:0.001116s ]
INFO: [ view_filter ] --END-- [ RunTime:0.004635s ]
INFO: [ view_end ] --START--
INFO: ShowPageTrace Behavior ::run [ RunTime:0.000954s ]
INFO: [ view_end ] --END-- [ RunTime:0.001154s ]

[ 2013-12-24T10:37:13+08:00 ] 127.0.0.1 /index.php/C/CheckSignature/getToken/token/cooosuper
INFO: [ route_check ] --START--
INFO: CheckRoute Behavior ::run [ RunTime:0.001023s ]
INFO: [ route_check ] --END-- [ RunTime:0.001207s ]
INFO: [ app_begin ] --START--
INFO: ReadHtmlCache Behavior ::run [ RunTime:0.001226s ]
INFO: [ app_begin ] --END-- [ RunTime:0.001445s ]

[ 2013-12-24T10:50:42+08:00 ] 127.0.0.1 /index.php/C/CheckSignature/getToken/token/cooosuper
INFO: [ route_check ] --START--
INFO: CheckRoute Behavior ::run [ RunTime:0.002767s ]
INFO: [ route_check ] --END-- [ RunTime:0.002949s ]
INFO: [ app_begin ] --START--
INFO: ReadHtmlCache Behavior ::run [ RunTime:0.003023s ]
INFO: [ app_begin ] --END-- [ RunTime:0.003273s ]

[ 2013-12-24T10:56:10+08:00 ] 127.0.0.1 /index.php/C/CheckSignature/getToken/token/cooosuper
INFO: [ route_check ] --START--
INFO: CheckRoute Behavior ::run [ RunTime:0.004430s ]
INFO: [ route_check ] --END-- [ RunTime:0.004622s ]
INFO: [ app_begin ] --START--
INFO: ReadHtmlCache Behavior ::run [ RunTime:0.003621s ]
INFO: [ app_begin ] --END-- [ RunTime:0.003807s ]

[ 2013-12-24T10:58:14+08:00 ] 127.0.0.1 /index.php/C/CheckSignature/getToken/token/cooosuper
INFO: [ route_check ] --START--
INFO: CheckRoute Behavior ::run [ RunTime:0.002686s ]
INFO: [ route_check ] --END-- [ RunTime:0.002893s ]
INFO: [ app_begin ] --START--
INFO: ReadHtmlCache Behavior ::run [ RunTime:0.003143s ]
INFO: [ app_begin ] --END-- [ RunTime:0.003352s ]

[ 2013-12-24T10:59:28+08:00 ] 127.0.0.1 /index.php/C/CheckSignature/getToken/token/cooosuper
INFO: [ route_check ] --START--
INFO: CheckRoute Behavior ::run [ RunTime:0.000857s ]
INFO: [ route_check ] --END-- [ RunTime:0.001024s ]
INFO: [ app_begin ] --START--
INFO: ReadHtmlCache Behavior ::run [ RunTime:0.000908s ]
INFO: [ app_begin ] --END-- [ RunTime:0.001063s ]

[ 2013-12-24T11:10:13+08:00 ] 127.0.0.1 /
INFO: [ app_begin ] --START--
INFO: ReadHtmlCache Behavior ::run [ RunTime:0.002617s ]
INFO: [ app_begin ] --END-- [ RunTime:0.002795s ]
INFO: [ view_parse ] --START--
NOTIC: [8] Undefined variable: gl D:\www\wxportal\Runtime\Cache\C\7c0be23c1042e93d15ab78a09f15d18a.php 第 25 行.
NOTIC: [8] Undefined variable: gnjs D:\www\wxportal\Runtime\Cache\C\7c0be23c1042e93d15ab78a09f15d18a.php 第 26 行.
NOTIC: [8] Undefined variable: zf D:\www\wxportal\Runtime\Cache\C\7c0be23c1042e93d15ab78a09f15d18a.php 第 27 行.
NOTIC: [8] Undefined variable: gy D:\www\wxportal\Runtime\Cache\C\7c0be23c1042e93d15ab78a09f15d18a.php 第 28 行.
NOTIC: [8] Undefined variable: bz D:\www\wxportal\Runtime\Cache\C\7c0be23c1042e93d15ab78a09f15d18a.php 第 29 行.
NOTIC: [8] Undefined variable: gl D:\www\wxportal\Runtime\Cache\C\7c0be23c1042e93d15ab78a09f15d18a.php 第 47 行.
NOTIC: [8] Undefined variable: gnjs D:\www\wxportal\Runtime\Cache\C\7c0be23c1042e93d15ab78a09f15d18a.php 第 48 行.
NOTIC: [8] Undefined variable: zf D:\www\wxportal\Runtime\Cache\C\7c0be23c1042e93d15ab78a09f15d18a.php 第 49 行.
NOTIC: [8] Undefined variable: gy D:\www\wxportal\Runtime\Cache\C\7c0be23c1042e93d15ab78a09f15d18a.php 第 50 行.
NOTIC: [8] Undefined variable: bz D:\www\wxportal\Runtime\Cache\C\7c0be23c1042e93d15ab78a09f15d18a.php 第 51 行.
INFO: ParseTemplate Behavior ::run [ RunTime:0.032371s ]
INFO: [ view_parse ] --END-- [ RunTime:0.032536s ]
INFO: [ view_filter ] --START--
INFO: ContentReplace Behavior ::run [ RunTime:0.002860s ]
INFO: TokenBuild Behavior ::run [ RunTime:0.003515s ]
INFO: WriteHtmlCache Behavior ::run [ RunTime:0.002708s ]
INFO: ShowRuntime Behavior ::run [ RunTime:0.002657s ]
INFO: [ view_filter ] --END-- [ RunTime:0.012173s ]
INFO: [ view_end ] --START--
INFO: ShowPageTrace Behavior ::run [ RunTime:0.002612s ]
INFO: [ view_end ] --END-- [ RunTime:0.002748s ]

[ 2013-12-24T11:13:25+08:00 ] 192.168.1.11 /
INFO: [ app_begin ] --START--
INFO: ReadHtmlCache Behavior ::run [ RunTime:0.002629s ]
INFO: [ app_begin ] --END-- [ RunTime:0.002815s ]

[ 2013-12-24T11:13:25+08:00 ] 192.168.1.11 /index.php/C/Login/index
INFO: [ route_check ] --START--
INFO: CheckRoute Behavior ::run [ RunTime:0.002675s ]
INFO: [ route_check ] --END-- [ RunTime:0.002841s ]
INFO: [ app_begin ] --START--
INFO: ReadHtmlCache Behavior ::run [ RunTime:0.000937s ]
INFO: [ app_begin ] --END-- [ RunTime:0.001121s ]
INFO: [ view_parse ] --START--
NOTIC: [8] Undefined variable: loginTips D:\www\wxportal\Runtime\Cache\C\b27b87eb4ad53d2693fcb864a7bf5d31.php 第 19 行.
NOTIC: [8] Undefined variable: sy D:\www\wxportal\Runtime\Cache\C\b27b87eb4ad53d2693fcb864a7bf5d31.php 第 24 行.
NOTIC: [8] Undefined variable: gl D:\www\wxportal\Runtime\Cache\C\b27b87eb4ad53d2693fcb864a7bf5d31.php 第 25 行.
NOTIC: [8] Undefined variable: gnjs D:\www\wxportal\Runtime\Cache\C\b27b87eb4ad53d2693fcb864a7bf5d31.php 第 26 行.
NOTIC: [8] Undefined variable: zf D:\www\wxportal\Runtime\Cache\C\b27b87eb4ad53d2693fcb864a7bf5d31.php 第 27 行.
NOTIC: [8] Undefined variable: gy D:\www\wxportal\Runtime\Cache\C\b27b87eb4ad53d2693fcb864a7bf5d31.php 第 28 行.
NOTIC: [8] Undefined variable: bz D:\www\wxportal\Runtime\Cache\C\b27b87eb4ad53d2693fcb864a7bf5d31.php 第 29 行.
NOTIC: [8] Undefined variable: sy D:\www\wxportal\Runtime\Cache\C\b27b87eb4ad53d2693fcb864a7bf5d31.php 第 67 行.
NOTIC: [8] Undefined variable: gl D:\www\wxportal\Runtime\Cache\C\b27b87eb4ad53d2693fcb864a7bf5d31.php 第 68 行.
NOTIC: [8] Undefined variable: gnjs D:\www\wxportal\Runtime\Cache\C\b27b87eb4ad53d2693fcb864a7bf5d31.php 第 69 行.
NOTIC: [8] Undefined variable: zf D:\www\wxportal\Runtime\Cache\C\b27b87eb4ad53d2693fcb864a7bf5d31.php 第 70 行.
NOTIC: [8] Undefined variable: gy D:\www\wxportal\Runtime\Cache\C\b27b87eb4ad53d2693fcb864a7bf5d31.php 第 71 行.
NOTIC: [8] Undefined variable: bz D:\www\wxportal\Runtime\Cache\C\b27b87eb4ad53d2693fcb864a7bf5d31.php 第 72 行.
INFO: ParseTemplate Behavior ::run [ RunTime:0.141200s ]
INFO: [ view_parse ] --END-- [ RunTime:0.141413s ]
INFO: [ view_filter ] --START--
INFO: ContentReplace Behavior ::run [ RunTime:0.003249s ]
INFO: TokenBuild Behavior ::run [ RunTime:0.002667s ]
INFO: WriteHtmlCache Behavior ::run [ RunTime:0.002430s ]
INFO: ShowRuntime Behavior ::run [ RunTime:0.002711s ]
INFO: [ view_filter ] --END-- [ RunTime:0.011500s ]
INFO: [ view_end ] --START--
INFO: ShowPageTrace Behavior ::run [ RunTime:0.003190s ]
INFO: [ view_end ] --END-- [ RunTime:0.003344s ]

[ 2013-12-24T11:13:26+08:00 ] 192.168.1.11 /index.php/C/Login/verify
INFO: [ route_check ] --START--
INFO: CheckRoute Behavior ::run [ RunTime:0.001356s ]
INFO: [ route_check ] --END-- [ RunTime:0.001585s ]
INFO: [ app_begin ] --START--
INFO: ReadHtmlCache Behavior ::run [ RunTime:0.000967s ]
INFO: [ app_begin ] --END-- [ RunTime:0.001148s ]

[ 2013-12-24T11:18:04+08:00 ] 192.168.1.11 /
INFO: [ app_begin ] --START--
INFO: ReadHtmlCache Behavior ::run [ RunTime:0.002636s ]
INFO: [ app_begin ] --END-- [ RunTime:0.002851s ]

[ 2013-12-24T11:18:04+08:00 ] 192.168.1.11 /index.php/C/Login/index
INFO: [ route_check ] --START--
INFO: CheckRoute Behavior ::run [ RunTime:0.002790s ]
INFO: [ route_check ] --END-- [ RunTime:0.002980s ]
INFO: [ app_begin ] --START--
INFO: ReadHtmlCache Behavior ::run [ RunTime:0.000881s ]
INFO: [ app_begin ] --END-- [ RunTime:0.001042s ]
INFO: [ view_parse ] --START--
NOTIC: [8] Undefined variable: loginTips D:\www\wxportal\Runtime\Cache\C\b27b87eb4ad53d2693fcb864a7bf5d31.php 第 19 行.
NOTIC: [8] Undefined variable: sy D:\www\wxportal\Runtime\Cache\C\b27b87eb4ad53d2693fcb864a7bf5d31.php 第 24 行.
NOTIC: [8] Undefined variable: gl D:\www\wxportal\Runtime\Cache\C\b27b87eb4ad53d2693fcb864a7bf5d31.php 第 25 行.
NOTIC: [8] Undefined variable: gnjs D:\www\wxportal\Runtime\Cache\C\b27b87eb4ad53d2693fcb864a7bf5d31.php 第 26 行.
NOTIC: [8] Undefined variable: zf D:\www\wxportal\Runtime\Cache\C\b27b87eb4ad53d2693fcb864a7bf5d31.php 第 27 行.
NOTIC: [8] Undefined variable: gy D:\www\wxportal\Runtime\Cache\C\b27b87eb4ad53d2693fcb864a7bf5d31.php 第 28 行.
NOTIC: [8] Undefined variable: bz D:\www\wxportal\Runtime\Cache\C\b27b87eb4ad53d2693fcb864a7bf5d31.php 第 29 行.
NOTIC: [8] Undefined variable: sy D:\www\wxportal\Runtime\Cache\C\b27b87eb4ad53d2693fcb864a7bf5d31.php 第 67 行.
NOTIC: [8] Undefined variable: gl D:\www\wxportal\Runtime\Cache\C\b27b87eb4ad53d2693fcb864a7bf5d31.php 第 68 行.
NOTIC: [8] Undefined variable: gnjs D:\www\wxportal\Runtime\Cache\C\b27b87eb4ad53d2693fcb864a7bf5d31.php 第 69 行.
NOTIC: [8] Undefined variable: zf D:\www\wxportal\Runtime\Cache\C\b27b87eb4ad53d2693fcb864a7bf5d31.php 第 70 行.
NOTIC: [8] Undefined variable: gy D:\www\wxportal\Runtime\Cache\C\b27b87eb4ad53d2693fcb864a7bf5d31.php 第 71 行.
NOTIC: [8] Undefined variable: bz D:\www\wxportal\Runtime\Cache\C\b27b87eb4ad53d2693fcb864a7bf5d31.php 第 72 行.
INFO: ParseTemplate Behavior ::run [ RunTime:0.048982s ]
INFO: [ view_parse ] --END-- [ RunTime:0.049189s ]
INFO: [ view_filter ] --START--
INFO: ContentReplace Behavior ::run [ RunTime:0.003227s ]
INFO: TokenBuild Behavior ::run [ RunTime:0.002788s ]
INFO: WriteHtmlCache Behavior ::run [ RunTime:0.002529s ]
INFO: ShowRuntime Behavior ::run [ RunTime:0.002566s ]
INFO: [ view_filter ] --END-- [ RunTime:0.011535s ]
INFO: [ view_end ] --START--
INFO: ShowPageTrace Behavior ::run [ RunTime:0.002765s ]
INFO: [ view_end ] --END-- [ RunTime:0.002912s ]

[ 2013-12-24T11:18:05+08:00 ] 192.168.1.11 /index.php/C/Login/verify
INFO: [ route_check ] --START--
INFO: CheckRoute Behavior ::run [ RunTime:0.001062s ]
INFO: [ route_check ] --END-- [ RunTime:0.001253s ]
INFO: [ app_begin ] --START--
INFO: ReadHtmlCache Behavior ::run [ RunTime:0.001083s ]
INFO: [ app_begin ] --END-- [ RunTime:0.001305s ]

[ 2013-12-24T11:18:51+08:00 ] 192.168.1.11 /index.php/C/CheckSignature/getToken/token/cooosuper
INFO: [ route_check ] --START--
INFO: CheckRoute Behavior ::run [ RunTime:0.003357s ]
INFO: [ route_check ] --END-- [ RunTime:0.003589s ]
INFO: [ app_begin ] --START--
INFO: ReadHtmlCache Behavior ::run [ RunTime:0.002997s ]
INFO: [ app_begin ] --END-- [ RunTime:0.003909s ]

[ 2013-12-24T11:18:51+08:00 ] 192.168.1.11 /index.php/C/Login/index
INFO: [ route_check ] --START--
INFO: CheckRoute Behavior ::run [ RunTime:0.000966s ]
INFO: [ route_check ] --END-- [ RunTime:0.001147s ]
INFO: [ app_begin ] --START--
INFO: ReadHtmlCache Behavior ::run [ RunTime:0.001062s ]
INFO: [ app_begin ] --END-- [ RunTime:0.001256s ]
INFO: [ view_parse ] --START--
NOTIC: [8] Undefined variable: loginTips D:\www\wxportal\Runtime\Cache\C\b27b87eb4ad53d2693fcb864a7bf5d31.php 第 19 行.
NOTIC: [8] Undefined variable: sy D:\www\wxportal\Runtime\Cache\C\b27b87eb4ad53d2693fcb864a7bf5d31.php 第 24 行.
NOTIC: [8] Undefined variable: gl D:\www\wxportal\Runtime\Cache\C\b27b87eb4ad53d2693fcb864a7bf5d31.php 第 25 行.
NOTIC: [8] Undefined variable: gnjs D:\www\wxportal\Runtime\Cache\C\b27b87eb4ad53d2693fcb864a7bf5d31.php 第 26 行.
NOTIC: [8] Undefined variable: zf D:\www\wxportal\Runtime\Cache\C\b27b87eb4ad53d2693fcb864a7bf5d31.php 第 27 行.
NOTIC: [8] Undefined variable: gy D:\www\wxportal\Runtime\Cache\C\b27b87eb4ad53d2693fcb864a7bf5d31.php 第 28 行.
NOTIC: [8] Undefined variable: bz D:\www\wxportal\Runtime\Cache\C\b27b87eb4ad53d2693fcb864a7bf5d31.php 第 29 行.
NOTIC: [8] Undefined variable: sy D:\www\wxportal\Runtime\Cache\C\b27b87eb4ad53d2693fcb864a7bf5d31.php 第 67 行.
NOTIC: [8] Undefined variable: gl D:\www\wxportal\Runtime\Cache\C\b27b87eb4ad53d2693fcb864a7bf5d31.php 第 68 行.
NOTIC: [8] Undefined variable: gnjs D:\www\wxportal\Runtime\Cache\C\b27b87eb4ad53d2693fcb864a7bf5d31.php 第 69 行.
NOTIC: [8] Undefined variable: zf D:\www\wxportal\Runtime\Cache\C\b27b87eb4ad53d2693fcb864a7bf5d31.php 第 70 行.
NOTIC: [8] Undefined variable: gy D:\www\wxportal\Runtime\Cache\C\b27b87eb4ad53d2693fcb864a7bf5d31.php 第 71 行.
NOTIC: [8] Undefined variable: bz D:\www\wxportal\Runtime\Cache\C\b27b87eb4ad53d2693fcb864a7bf5d31.php 第 72 行.
INFO: ParseTemplate Behavior ::run [ RunTime:0.041825s ]
INFO: [ view_parse ] --END-- [ RunTime:0.042037s ]
INFO: [ view_filter ] --START--
INFO: ContentReplace Behavior ::run [ RunTime:0.003469s ]
INFO: TokenBuild Behavior ::run [ RunTime:0.004851s ]
INFO: WriteHtmlCache Behavior ::run [ RunTime:0.002956s ]
INFO: ShowRuntime Behavior ::run [ RunTime:0.002937s ]
INFO: [ view_filter ] --END-- [ RunTime:0.014680s ]
INFO: [ view_end ] --START--
INFO: ShowPageTrace Behavior ::run [ RunTime:0.003171s ]
INFO: [ view_end ] --END-- [ RunTime:0.003344s ]

[ 2013-12-24T11:18:51+08:00 ] 192.168.1.11 /index.php/C/Login/verify
INFO: [ route_check ] --START--
INFO: CheckRoute Behavior ::run [ RunTime:0.000971s ]
INFO: [ route_check ] --END-- [ RunTime:0.001149s ]
INFO: [ app_begin ] --START--
INFO: ReadHtmlCache Behavior ::run [ RunTime:0.000885s ]
INFO: [ app_begin ] --END-- [ RunTime:0.001034s ]

[ 2013-12-24T11:19:04+08:00 ] 192.168.1.11 /index.php/C/Login/handleLogin
INFO: [ route_check ] --START--
INFO: CheckRoute Behavior ::run [ RunTime:0.001362s ]
INFO: [ route_check ] --END-- [ RunTime:0.001577s ]
INFO: [ app_begin ] --START--
INFO: ReadHtmlCache Behavior ::run [ RunTime:0.001243s ]
INFO: [ app_begin ] --END-- [ RunTime:0.001424s ]
SQL: SHOW COLUMNS FROM `user` [ RunTime:0.015455s ]
SQL: SELECT * FROM `user` WHERE ( accountname='admin001' ) LIMIT 1   [ RunTime:0.000819s ]

[ 2013-12-24T11:19:04+08:00 ] 192.168.1.11 /index.php/C/Index/index
INFO: [ route_check ] --START--
INFO: CheckRoute Behavior ::run [ RunTime:0.000993s ]
INFO: [ route_check ] --END-- [ RunTime:0.001173s ]
INFO: [ app_begin ] --START--
INFO: ReadHtmlCache Behavior ::run [ RunTime:0.000891s ]
INFO: [ app_begin ] --END-- [ RunTime:0.001048s ]
INFO: [ view_parse ] --START--
NOTIC: [8] Undefined variable: gl D:\www\wxportal\Runtime\Cache\C\7c0be23c1042e93d15ab78a09f15d18a.php 第 25 行.
NOTIC: [8] Undefined variable: gnjs D:\www\wxportal\Runtime\Cache\C\7c0be23c1042e93d15ab78a09f15d18a.php 第 26 行.
NOTIC: [8] Undefined variable: zf D:\www\wxportal\Runtime\Cache\C\7c0be23c1042e93d15ab78a09f15d18a.php 第 27 行.
NOTIC: [8] Undefined variable: gy D:\www\wxportal\Runtime\Cache\C\7c0be23c1042e93d15ab78a09f15d18a.php 第 28 行.
NOTIC: [8] Undefined variable: bz D:\www\wxportal\Runtime\Cache\C\7c0be23c1042e93d15ab78a09f15d18a.php 第 29 行.
NOTIC: [8] Undefined variable: gl D:\www\wxportal\Runtime\Cache\C\7c0be23c1042e93d15ab78a09f15d18a.php 第 47 行.
NOTIC: [8] Undefined variable: gnjs D:\www\wxportal\Runtime\Cache\C\7c0be23c1042e93d15ab78a09f15d18a.php 第 48 行.
NOTIC: [8] Undefined variable: zf D:\www\wxportal\Runtime\Cache\C\7c0be23c1042e93d15ab78a09f15d18a.php 第 49 行.
NOTIC: [8] Undefined variable: gy D:\www\wxportal\Runtime\Cache\C\7c0be23c1042e93d15ab78a09f15d18a.php 第 50 行.
NOTIC: [8] Undefined variable: bz D:\www\wxportal\Runtime\Cache\C\7c0be23c1042e93d15ab78a09f15d18a.php 第 51 行.
INFO: ParseTemplate Behavior ::run [ RunTime:0.021221s ]
INFO: [ view_parse ] --END-- [ RunTime:0.021395s ]
INFO: [ view_filter ] --START--
INFO: ContentReplace Behavior ::run [ RunTime:0.001234s ]
INFO: TokenBuild Behavior ::run [ RunTime:0.000866s ]
INFO: WriteHtmlCache Behavior ::run [ RunTime:0.001281s ]
INFO: ShowRuntime Behavior ::run [ RunTime:0.001345s ]
INFO: [ view_filter ] --END-- [ RunTime:0.005250s ]
INFO: [ view_end ] --START--
INFO: ShowPageTrace Behavior ::run [ RunTime:0.000855s ]
INFO: [ view_end ] --END-- [ RunTime:0.000980s ]

[ 2013-12-24T11:19:11+08:00 ] 192.168.1.11 /index.php/C/CheckSignature/getToken/token/cooosuper
INFO: [ route_check ] --START--
INFO: CheckRoute Behavior ::run [ RunTime:0.000897s ]
INFO: [ route_check ] --END-- [ RunTime:0.001065s ]
INFO: [ app_begin ] --START--
INFO: ReadHtmlCache Behavior ::run [ RunTime:0.000889s ]
INFO: [ app_begin ] --END-- [ RunTime:0.001040s ]
NOTIC: [8] Undefined index:  signature D:\www\wxportal\Modules\C\Action\CheckSignatureAction.class.php 第 6 行.
NOTIC: [8] Undefined index:  timestamp D:\www\wxportal\Modules\C\Action\CheckSignatureAction.class.php 第 7 行.
NOTIC: [8] Undefined index:  nonce D:\www\wxportal\Modules\C\Action\CheckSignatureAction.class.php 第 8 行.

[ 2013-12-24T11:49:53+08:00 ] 127.0.0.1 /index.php/C/CheckSignature/getToken?token=cooosuper&echostr=%27222%27
INFO: [ route_check ] --START--
INFO: CheckRoute Behavior ::run [ RunTime:0.002761s ]
INFO: [ route_check ] --END-- [ RunTime:0.002965s ]
INFO: [ app_begin ] --START--
INFO: ReadHtmlCache Behavior ::run [ RunTime:0.002698s ]
INFO: [ app_begin ] --END-- [ RunTime:0.002870s ]

[ 2013-12-24T11:58:49+08:00 ] 127.0.0.1 /
INFO: [ app_begin ] --START--
INFO: ReadHtmlCache Behavior ::run [ RunTime:0.002624s ]
INFO: [ app_begin ] --END-- [ RunTime:0.002794s ]

[ 2013-12-24T12:30:12+08:00 ] 127.0.0.1 /
INFO: [ app_begin ] --START--
INFO: ReadHtmlCache Behavior ::run [ RunTime:0.002669s ]
INFO: [ app_begin ] --END-- [ RunTime:0.002856s ]

[ 2013-12-24T12:30:13+08:00 ] 127.0.0.1 /
INFO: [ app_begin ] --START--
INFO: ReadHtmlCache Behavior ::run [ RunTime:0.001500s ]
INFO: [ app_begin ] --END-- [ RunTime:0.002162s ]

[ 2013-12-24T12:30:15+08:00 ] 127.0.0.1 /
INFO: [ app_begin ] --START--
INFO: ReadHtmlCache Behavior ::run [ RunTime:0.001264s ]
INFO: [ app_begin ] --END-- [ RunTime:0.001471s ]

[ 2013-12-24T12:30:22+08:00 ] 127.0.0.1 /index.php/
INFO: [ route_check ] --START--
INFO: CheckRoute Behavior ::run [ RunTime:0.002877s ]
INFO: [ route_check ] --END-- [ RunTime:0.003088s ]
INFO: [ app_begin ] --START--
INFO: ReadHtmlCache Behavior ::run [ RunTime:0.000987s ]
INFO: [ app_begin ] --END-- [ RunTime:0.001164s ]

[ 2013-12-24T12:30:54+08:00 ] 127.0.0.1 /index.php/
INFO: [ route_check ] --START--
INFO: CheckRoute Behavior ::run [ RunTime:0.001623s ]
INFO: [ route_check ] --END-- [ RunTime:0.001836s ]
INFO: [ app_begin ] --START--
INFO: ReadHtmlCache Behavior ::run [ RunTime:0.001188s ]
INFO: [ app_begin ] --END-- [ RunTime:0.001395s ]

[ 2013-12-24T12:30:55+08:00 ] 127.0.0.1 /index.php/
INFO: [ route_check ] --START--
INFO: CheckRoute Behavior ::run [ RunTime:0.001036s ]
INFO: [ route_check ] --END-- [ RunTime:0.001220s ]
INFO: [ app_begin ] --START--
INFO: ReadHtmlCache Behavior ::run [ RunTime:0.001158s ]
INFO: [ app_begin ] --END-- [ RunTime:0.001360s ]

[ 2013-12-24T12:30:56+08:00 ] 127.0.0.1 /index.php/
INFO: [ route_check ] --START--
INFO: CheckRoute Behavior ::run [ RunTime:0.000969s ]
INFO: [ route_check ] --END-- [ RunTime:0.001203s ]
INFO: [ app_begin ] --START--
INFO: ReadHtmlCache Behavior ::run [ RunTime:0.000911s ]
INFO: [ app_begin ] --END-- [ RunTime:0.001075s ]

[ 2013-12-24T12:30:58+08:00 ] 127.0.0.1 /index.php/
INFO: [ route_check ] --START--
INFO: CheckRoute Behavior ::run [ RunTime:0.000875s ]
INFO: [ route_check ] --END-- [ RunTime:0.001044s ]
INFO: [ app_begin ] --START--
INFO: ReadHtmlCache Behavior ::run [ RunTime:0.001072s ]
INFO: [ app_begin ] --END-- [ RunTime:0.001336s ]

[ 2013-12-24T12:33:19+08:00 ] 127.0.0.1 /index.php/
INFO: [ route_check ] --START--
INFO: CheckRoute Behavior ::run [ RunTime:0.006753s ]
INFO: [ route_check ] --END-- [ RunTime:0.006965s ]
INFO: [ app_begin ] --START--
INFO: ReadHtmlCache Behavior ::run [ RunTime:0.003535s ]
INFO: [ app_begin ] --END-- [ RunTime:0.003738s ]

[ 2013-12-24T12:33:45+08:00 ] 127.0.0.1 /index.php/
INFO: [ route_check ] --START--
INFO: CheckRoute Behavior ::run [ RunTime:0.004246s ]
INFO: [ route_check ] --END-- [ RunTime:0.004574s ]
INFO: [ app_begin ] --START--
INFO: ReadHtmlCache Behavior ::run [ RunTime:0.001810s ]
INFO: [ app_begin ] --END-- [ RunTime:0.002043s ]

[ 2013-12-24T12:33:47+08:00 ] 127.0.0.1 /index.php/
INFO: [ route_check ] --START--
INFO: CheckRoute Behavior ::run [ RunTime:0.000988s ]
INFO: [ route_check ] --END-- [ RunTime:0.001284s ]
INFO: [ app_begin ] --START--
INFO: ReadHtmlCache Behavior ::run [ RunTime:0.000998s ]
INFO: [ app_begin ] --END-- [ RunTime:0.001173s ]

[ 2013-12-24T12:34:01+08:00 ] 127.0.0.1 /index.php/
INFO: [ route_check ] --START--
INFO: CheckRoute Behavior ::run [ RunTime:0.000959s ]
INFO: [ route_check ] --END-- [ RunTime:0.001140s ]
INFO: [ app_begin ] --START--
INFO: ReadHtmlCache Behavior ::run [ RunTime:0.001229s ]
INFO: [ app_begin ] --END-- [ RunTime:0.001461s ]

[ 2013-12-24T12:34:02+08:00 ] 127.0.0.1 /index.php/
INFO: [ route_check ] --START--
INFO: CheckRoute Behavior ::run [ RunTime:0.001069s ]
INFO: [ route_check ] --END-- [ RunTime:0.001278s ]
INFO: [ app_begin ] --START--
INFO: ReadHtmlCache Behavior ::run [ RunTime:0.001095s ]
INFO: [ app_begin ] --END-- [ RunTime:0.001283s ]

[ 2013-12-24T12:34:02+08:00 ] 127.0.0.1 /index.php/
INFO: [ route_check ] --START--
INFO: CheckRoute Behavior ::run [ RunTime:0.001444s ]
INFO: [ route_check ] --END-- [ RunTime:0.001657s ]
INFO: [ app_begin ] --START--
INFO: ReadHtmlCache Behavior ::run [ RunTime:0.001405s ]
INFO: [ app_begin ] --END-- [ RunTime:0.001600s ]

[ 2013-12-24T12:34:03+08:00 ] 127.0.0.1 /index.php/
INFO: [ route_check ] --START--
INFO: CheckRoute Behavior ::run [ RunTime:0.001069s ]
INFO: [ route_check ] --END-- [ RunTime:0.001264s ]
INFO: [ app_begin ] --START--
INFO: ReadHtmlCache Behavior ::run [ RunTime:0.001166s ]
INFO: [ app_begin ] --END-- [ RunTime:0.001353s ]

[ 2013-12-24T12:34:03+08:00 ] 127.0.0.1 /index.php/
INFO: [ route_check ] --START--
INFO: CheckRoute Behavior ::run [ RunTime:0.001230s ]
INFO: [ route_check ] --END-- [ RunTime:0.001421s ]
INFO: [ app_begin ] --START--
INFO: ReadHtmlCache Behavior ::run [ RunTime:0.001095s ]
INFO: [ app_begin ] --END-- [ RunTime:0.001288s ]

[ 2013-12-24T12:36:49+08:00 ] 127.0.0.1 /index.php/
INFO: [ route_check ] --START--
INFO: CheckRoute Behavior ::run [ RunTime:0.003122s ]
INFO: [ route_check ] --END-- [ RunTime:0.003332s ]
INFO: [ app_begin ] --START--
INFO: ReadHtmlCache Behavior ::run [ RunTime:0.005392s ]
INFO: [ app_begin ] --END-- [ RunTime:0.005674s ]

[ 2013-12-24T12:39:57+08:00 ] 127.0.0.1 /index.php/
INFO: [ route_check ] --START--
INFO: CheckRoute Behavior ::run [ RunTime:0.004413s ]
INFO: [ route_check ] --END-- [ RunTime:0.004672s ]
INFO: [ app_begin ] --START--
INFO: ReadHtmlCache Behavior ::run [ RunTime:0.002621s ]
INFO: [ app_begin ] --END-- [ RunTime:0.002795s ]

[ 2013-12-24T12:39:58+08:00 ] 127.0.0.1 /index.php/
INFO: [ route_check ] --START--
INFO: CheckRoute Behavior ::run [ RunTime:0.001074s ]
INFO: [ route_check ] --END-- [ RunTime:0.001284s ]
INFO: [ app_begin ] --START--
INFO: ReadHtmlCache Behavior ::run [ RunTime:0.000977s ]
INFO: [ app_begin ] --END-- [ RunTime:0.001143s ]

[ 2013-12-24T12:39:59+08:00 ] 127.0.0.1 /index.php/
INFO: [ route_check ] --START--
INFO: CheckRoute Behavior ::run [ RunTime:0.001090s ]
INFO: [ route_check ] --END-- [ RunTime:0.001278s ]
INFO: [ app_begin ] --START--
INFO: ReadHtmlCache Behavior ::run [ RunTime:0.001136s ]
INFO: [ app_begin ] --END-- [ RunTime:0.001336s ]

[ 2013-12-24T12:39:59+08:00 ] 127.0.0.1 /index.php/
INFO: [ route_check ] --START--
INFO: CheckRoute Behavior ::run [ RunTime:0.001062s ]
INFO: [ route_check ] --END-- [ RunTime:0.001249s ]
INFO: [ app_begin ] --START--
INFO: ReadHtmlCache Behavior ::run [ RunTime:0.000981s ]
INFO: [ app_begin ] --END-- [ RunTime:0.001162s ]

[ 2013-12-24T12:39:59+08:00 ] 127.0.0.1 /index.php/
INFO: [ route_check ] --START--
INFO: CheckRoute Behavior ::run [ RunTime:0.001147s ]
INFO: [ route_check ] --END-- [ RunTime:0.001361s ]
INFO: [ app_begin ] --START--
INFO: ReadHtmlCache Behavior ::run [ RunTime:0.001115s ]
INFO: [ app_begin ] --END-- [ RunTime:0.001371s ]

[ 2013-12-24T12:40:00+08:00 ] 127.0.0.1 /index.php/
INFO: [ route_check ] --START--
INFO: CheckRoute Behavior ::run [ RunTime:0.001132s ]
INFO: [ route_check ] --END-- [ RunTime:0.001342s ]
INFO: [ app_begin ] --START--
INFO: ReadHtmlCache Behavior ::run [ RunTime:0.001106s ]
INFO: [ app_begin ] --END-- [ RunTime:0.001288s ]

[ 2013-12-24T12:40:00+08:00 ] 127.0.0.1 /index.php/
INFO: [ route_check ] --START--
INFO: CheckRoute Behavior ::run [ RunTime:0.001279s ]
INFO: [ route_check ] --END-- [ RunTime:0.001488s ]
INFO: [ app_begin ] --START--
INFO: ReadHtmlCache Behavior ::run [ RunTime:0.000967s ]
INFO: [ app_begin ] --END-- [ RunTime:0.001167s ]

[ 2013-12-24T12:40:00+08:00 ] 127.0.0.1 /index.php/
INFO: [ route_check ] --START--
INFO: CheckRoute Behavior ::run [ RunTime:0.001073s ]
INFO: [ route_check ] --END-- [ RunTime:0.001269s ]
INFO: [ app_begin ] --START--
INFO: ReadHtmlCache Behavior ::run [ RunTime:0.001139s ]
INFO: [ app_begin ] --END-- [ RunTime:0.001328s ]

[ 2013-12-24T12:40:12+08:00 ] 127.0.0.1 /index.php/
INFO: [ route_check ] --START--
INFO: CheckRoute Behavior ::run [ RunTime:0.001431s ]
INFO: [ route_check ] --END-- [ RunTime:0.001647s ]
INFO: [ app_begin ] --START--
INFO: ReadHtmlCache Behavior ::run [ RunTime:0.001266s ]
INFO: [ app_begin ] --END-- [ RunTime:0.001492s ]
INFO: [ view_parse ] --START--
NOTIC: [8] Undefined variable: gl D:\www\wxportal\Runtime\Cache\C\7c0be23c1042e93d15ab78a09f15d18a.php 第 25 行.
NOTIC: [8] Undefined variable: gnjs D:\www\wxportal\Runtime\Cache\C\7c0be23c1042e93d15ab78a09f15d18a.php 第 26 行.
NOTIC: [8] Undefined variable: zf D:\www\wxportal\Runtime\Cache\C\7c0be23c1042e93d15ab78a09f15d18a.php 第 27 行.
NOTIC: [8] Undefined variable: gy D:\www\wxportal\Runtime\Cache\C\7c0be23c1042e93d15ab78a09f15d18a.php 第 28 行.
NOTIC: [8] Undefined variable: bz D:\www\wxportal\Runtime\Cache\C\7c0be23c1042e93d15ab78a09f15d18a.php 第 29 行.
NOTIC: [8] Undefined variable: gl D:\www\wxportal\Runtime\Cache\C\7c0be23c1042e93d15ab78a09f15d18a.php 第 47 行.
NOTIC: [8] Undefined variable: gnjs D:\www\wxportal\Runtime\Cache\C\7c0be23c1042e93d15ab78a09f15d18a.php 第 48 行.
NOTIC: [8] Undefined variable: zf D:\www\wxportal\Runtime\Cache\C\7c0be23c1042e93d15ab78a09f15d18a.php 第 49 行.
NOTIC: [8] Undefined variable: gy D:\www\wxportal\Runtime\Cache\C\7c0be23c1042e93d15ab78a09f15d18a.php 第 50 行.
NOTIC: [8] Undefined variable: bz D:\www\wxportal\Runtime\Cache\C\7c0be23c1042e93d15ab78a09f15d18a.php 第 51 行.
INFO: ParseTemplate Behavior ::run [ RunTime:0.043718s ]
INFO: [ view_parse ] --END-- [ RunTime:0.043913s ]
INFO: [ view_filter ] --START--
INFO: ContentReplace Behavior ::run [ RunTime:0.002820s ]
INFO: TokenBuild Behavior ::run [ RunTime:0.002830s ]
INFO: WriteHtmlCache Behavior ::run [ RunTime:0.002999s ]
INFO: ShowRuntime Behavior ::run [ RunTime:0.005840s ]
INFO: [ view_filter ] --END-- [ RunTime:0.014975s ]
INFO: [ view_end ] --START--
INFO: ShowPageTrace Behavior ::run [ RunTime:0.002895s ]
INFO: [ view_end ] --END-- [ RunTime:0.003055s ]

[ 2013-12-24T12:41:03+08:00 ] 127.0.0.1 /index.php/
INFO: [ route_check ] --START--
INFO: CheckRoute Behavior ::run [ RunTime:0.003081s ]
INFO: [ route_check ] --END-- [ RunTime:0.003321s ]
INFO: [ app_begin ] --START--
INFO: ReadHtmlCache Behavior ::run [ RunTime:0.004321s ]
INFO: [ app_begin ] --END-- [ RunTime:0.004553s ]
INFO: [ view_parse ] --START--
NOTIC: [8] Undefined variable: gl D:\www\wxportal\Runtime\Cache\C\7c0be23c1042e93d15ab78a09f15d18a.php 第 25 行.
NOTIC: [8] Undefined variable: gnjs D:\www\wxportal\Runtime\Cache\C\7c0be23c1042e93d15ab78a09f15d18a.php 第 26 行.
NOTIC: [8] Undefined variable: zf D:\www\wxportal\Runtime\Cache\C\7c0be23c1042e93d15ab78a09f15d18a.php 第 27 行.
NOTIC: [8] Undefined variable: gy D:\www\wxportal\Runtime\Cache\C\7c0be23c1042e93d15ab78a09f15d18a.php 第 28 行.
NOTIC: [8] Undefined variable: bz D:\www\wxportal\Runtime\Cache\C\7c0be23c1042e93d15ab78a09f15d18a.php 第 29 行.
NOTIC: [8] Undefined variable: gl D:\www\wxportal\Runtime\Cache\C\7c0be23c1042e93d15ab78a09f15d18a.php 第 47 行.
NOTIC: [8] Undefined variable: gnjs D:\www\wxportal\Runtime\Cache\C\7c0be23c1042e93d15ab78a09f15d18a.php 第 48 行.
NOTIC: [8] Undefined variable: zf D:\www\wxportal\Runtime\Cache\C\7c0be23c1042e93d15ab78a09f15d18a.php 第 49 行.
NOTIC: [8] Undefined variable: gy D:\www\wxportal\Runtime\Cache\C\7c0be23c1042e93d15ab78a09f15d18a.php 第 50 行.
NOTIC: [8] Undefined variable: bz D:\www\wxportal\Runtime\Cache\C\7c0be23c1042e93d15ab78a09f15d18a.php 第 51 行.
INFO: ParseTemplate Behavior ::run [ RunTime:0.041880s ]
INFO: [ view_parse ] --END-- [ RunTime:0.042081s ]
INFO: [ view_filter ] --START--
INFO: ContentReplace Behavior ::run [ RunTime:0.005527s ]
INFO: TokenBuild Behavior ::run [ RunTime:0.002905s ]
INFO: WriteHtmlCache Behavior ::run [ RunTime:0.003210s ]
INFO: ShowRuntime Behavior ::run [ RunTime:0.005689s ]
INFO: [ view_filter ] --END-- [ RunTime:0.018011s ]
INFO: [ view_end ] --START--
INFO: ShowPageTrace Behavior ::run [ RunTime:0.006189s ]
INFO: [ view_end ] --END-- [ RunTime:0.006448s ]

[ 2013-12-24T12:41:31+08:00 ] 127.0.0.1 /index.php/
INFO: [ route_check ] --START--
INFO: CheckRoute Behavior ::run [ RunTime:0.003160s ]
INFO: [ route_check ] --END-- [ RunTime:0.003474s ]
INFO: [ app_begin ] --START--
INFO: ReadHtmlCache Behavior ::run [ RunTime:0.002842s ]
INFO: [ app_begin ] --END-- [ RunTime:0.005175s ]
INFO: [ view_parse ] --START--
NOTIC: [8] Undefined variable: gl D:\www\wxportal\Runtime\Cache\C\7c0be23c1042e93d15ab78a09f15d18a.php 第 25 行.
NOTIC: [8] Undefined variable: gnjs D:\www\wxportal\Runtime\Cache\C\7c0be23c1042e93d15ab78a09f15d18a.php 第 26 行.
NOTIC: [8] Undefined variable: zf D:\www\wxportal\Runtime\Cache\C\7c0be23c1042e93d15ab78a09f15d18a.php 第 27 行.
NOTIC: [8] Undefined variable: gy D:\www\wxportal\Runtime\Cache\C\7c0be23c1042e93d15ab78a09f15d18a.php 第 28 行.
NOTIC: [8] Undefined variable: bz D:\www\wxportal\Runtime\Cache\C\7c0be23c1042e93d15ab78a09f15d18a.php 第 29 行.
NOTIC: [8] Undefined variable: gl D:\www\wxportal\Runtime\Cache\C\7c0be23c1042e93d15ab78a09f15d18a.php 第 47 行.
NOTIC: [8] Undefined variable: gnjs D:\www\wxportal\Runtime\Cache\C\7c0be23c1042e93d15ab78a09f15d18a.php 第 48 行.
NOTIC: [8] Undefined variable: zf D:\www\wxportal\Runtime\Cache\C\7c0be23c1042e93d15ab78a09f15d18a.php 第 49 行.
NOTIC: [8] Undefined variable: gy D:\www\wxportal\Runtime\Cache\C\7c0be23c1042e93d15ab78a09f15d18a.php 第 50 行.
NOTIC: [8] Undefined variable: bz D:\www\wxportal\Runtime\Cache\C\7c0be23c1042e93d15ab78a09f15d18a.php 第 51 行.
INFO: ParseTemplate Behavior ::run [ RunTime:0.049559s ]
INFO: [ view_parse ] --END-- [ RunTime:0.049852s ]
INFO: [ view_filter ] --START--
INFO: ContentReplace Behavior ::run [ RunTime:0.006456s ]
INFO: TokenBuild Behavior ::run [ RunTime:0.003126s ]
INFO: WriteHtmlCache Behavior ::run [ RunTime:0.004536s ]
INFO: ShowRuntime Behavior ::run [ RunTime:0.002969s ]
INFO: [ view_filter ] --END-- [ RunTime:0.018149s ]
INFO: [ view_end ] --START--
INFO: ShowPageTrace Behavior ::run [ RunTime:0.002869s ]
INFO: [ view_end ] --END-- [ RunTime:0.003015s ]

[ 2013-12-24T12:41:32+08:00 ] 127.0.0.1 /index.php/
INFO: [ route_check ] --START--
INFO: CheckRoute Behavior ::run [ RunTime:0.001244s ]
INFO: [ route_check ] --END-- [ RunTime:0.001473s ]
INFO: [ app_begin ] --START--
INFO: ReadHtmlCache Behavior ::run [ RunTime:0.001037s ]
INFO: [ app_begin ] --END-- [ RunTime:0.001247s ]
INFO: [ view_parse ] --START--
NOTIC: [8] Undefined variable: gl D:\www\wxportal\Runtime\Cache\C\7c0be23c1042e93d15ab78a09f15d18a.php 第 25 行.
NOTIC: [8] Undefined variable: gnjs D:\www\wxportal\Runtime\Cache\C\7c0be23c1042e93d15ab78a09f15d18a.php 第 26 行.
NOTIC: [8] Undefined variable: zf D:\www\wxportal\Runtime\Cache\C\7c0be23c1042e93d15ab78a09f15d18a.php 第 27 行.
NOTIC: [8] Undefined variable: gy D:\www\wxportal\Runtime\Cache\C\7c0be23c1042e93d15ab78a09f15d18a.php 第 28 行.
NOTIC: [8] Undefined variable: bz D:\www\wxportal\Runtime\Cache\C\7c0be23c1042e93d15ab78a09f15d18a.php 第 29 行.
NOTIC: [8] Undefined variable: gl D:\www\wxportal\Runtime\Cache\C\7c0be23c1042e93d15ab78a09f15d18a.php 第 47 行.
NOTIC: [8] Undefined variable: gnjs D:\www\wxportal\Runtime\Cache\C\7c0be23c1042e93d15ab78a09f15d18a.php 第 48 行.
NOTIC: [8] Undefined variable: zf D:\www\wxportal\Runtime\Cache\C\7c0be23c1042e93d15ab78a09f15d18a.php 第 49 行.
NOTIC: [8] Undefined variable: gy D:\www\wxportal\Runtime\Cache\C\7c0be23c1042e93d15ab78a09f15d18a.php 第 50 行.
NOTIC: [8] Undefined variable: bz D:\www\wxportal\Runtime\Cache\C\7c0be23c1042e93d15ab78a09f15d18a.php 第 51 行.
INFO: ParseTemplate Behavior ::run [ RunTime:0.023686s ]
INFO: [ view_parse ] --END-- [ RunTime:0.023882s ]
INFO: [ view_filter ] --START--
INFO: ContentReplace Behavior ::run [ RunTime:0.001136s ]
INFO: TokenBuild Behavior ::run [ RunTime:0.001059s ]
INFO: WriteHtmlCache Behavior ::run [ RunTime:0.000787s ]
INFO: ShowRuntime Behavior ::run [ RunTime:0.000884s ]
INFO: [ view_filter ] --END-- [ RunTime:0.004262s ]
INFO: [ view_end ] --START--
INFO: ShowPageTrace Behavior ::run [ RunTime:0.000855s ]
INFO: [ view_end ] --END-- [ RunTime:0.000991s ]

[ 2013-12-24T14:06:18+08:00 ] 127.0.0.1 /index.php/C/HandleRequestAction/decodeXML?token=cooosuper&echostr=%27222%27
INFO: [ route_check ] --START--
INFO: CheckRoute Behavior ::run [ RunTime:0.003154s ]
INFO: [ route_check ] --END-- [ RunTime:0.003370s ]
INFO: [ app_begin ] --START--
INFO: ReadHtmlCache Behavior ::run [ RunTime:0.002747s ]
INFO: [ app_begin ] --END-- [ RunTime:0.002950s ]
ERR: 无法加载模块:HandleRequestAction

[ 2013-12-24T14:06:34+08:00 ] 127.0.0.1 /index.php/C/HandleRequest/decodeXML?token=cooosuper&echostr=%27222%27
INFO: [ route_check ] --START--
INFO: CheckRoute Behavior ::run [ RunTime:0.001153s ]
INFO: [ route_check ] --END-- [ RunTime:0.001357s ]
INFO: [ app_begin ] --START--
INFO: ReadHtmlCache Behavior ::run [ RunTime:0.001055s ]
INFO: [ app_begin ] --END-- [ RunTime:0.001243s ]

[ 2013-12-24T14:07:45+08:00 ] 127.0.0.1 /index.php/C/HandleRequest/decodeXML?token=cooosuper&echostr=%27222%27
INFO: [ route_check ] --START--
INFO: CheckRoute Behavior ::run [ RunTime:0.000987s ]
INFO: [ route_check ] --END-- [ RunTime:0.001203s ]
INFO: [ app_begin ] --START--
INFO: ReadHtmlCache Behavior ::run [ RunTime:0.001118s ]
INFO: [ app_begin ] --END-- [ RunTime:0.001316s ]
NOTIC: [2] Invalid argument supplied for foreach() D:\www\ThinkPHP\Common\functions.php 第 517 行.

[ 2013-12-24T14:08:04+08:00 ] 127.0.0.1 /index.php/C/HandleRequest/decodeXML?token=cooosuper&echostr=%27222%27
INFO: [ route_check ] --START--
INFO: CheckRoute Behavior ::run [ RunTime:0.001305s ]
INFO: [ route_check ] --END-- [ RunTime:0.001503s ]
INFO: [ app_begin ] --START--
INFO: ReadHtmlCache Behavior ::run [ RunTime:0.001376s ]
INFO: [ app_begin ] --END-- [ RunTime:0.001558s ]
NOTIC: [2] Invalid argument supplied for foreach() D:\www\ThinkPHP\Common\functions.php 第 517 行.

[ 2013-12-24T14:08:05+08:00 ] 127.0.0.1 /index.php/C/HandleRequest/decodeXML?token=cooosuper&echostr=%27222%27
INFO: [ route_check ] --START--
INFO: CheckRoute Behavior ::run [ RunTime:0.001021s ]
INFO: [ route_check ] --END-- [ RunTime:0.001333s ]
INFO: [ app_begin ] --START--
INFO: ReadHtmlCache Behavior ::run [ RunTime:0.001138s ]
INFO: [ app_begin ] --END-- [ RunTime:0.001341s ]
NOTIC: [2] Invalid argument supplied for foreach() D:\www\ThinkPHP\Common\functions.php 第 517 行.

[ 2013-12-24T14:11:32+08:00 ] 127.0.0.1 /index.php/C/HandleRequest/decodeXML
INFO: [ route_check ] --START--
INFO: CheckRoute Behavior ::run [ RunTime:0.003010s ]
INFO: [ route_check ] --END-- [ RunTime:0.003194s ]
INFO: [ app_begin ] --START--
INFO: ReadHtmlCache Behavior ::run [ RunTime:0.002536s ]
INFO: [ app_begin ] --END-- [ RunTime:0.002701s ]

[ 2013-12-24T14:14:20+08:00 ] 127.0.0.1 /index.php/C/HandleRequest/decodeXML
INFO: [ route_check ] --START--
INFO: CheckRoute Behavior ::run [ RunTime:0.002576s ]
INFO: [ route_check ] --END-- [ RunTime:0.002755s ]
INFO: [ app_begin ] --START--
INFO: ReadHtmlCache Behavior ::run [ RunTime:0.002653s ]
INFO: [ app_begin ] --END-- [ RunTime:0.002837s ]
NOTIC: [8] Undefined offset:  0 D:\www\wxportal\Modules\C\Action\HandleRequestAction.class.php 第 39 行.
NOTIC: [8] Undefined offset:  1 D:\www\wxportal\Modules\C\Action\HandleRequestAction.class.php 第 39 行.
NOTIC: [8] Undefined offset:  2 D:\www\wxportal\Modules\C\Action\HandleRequestAction.class.php 第 39 行.
NOTIC: [8] Undefined offset:  3 D:\www\wxportal\Modules\C\Action\HandleRequestAction.class.php 第 39 行.
NOTIC: [8] Undefined offset:  4 D:\www\wxportal\Modules\C\Action\HandleRequestAction.class.php 第 39 行.
NOTIC: [8] Undefined offset:  5 D:\www\wxportal\Modules\C\Action\HandleRequestAction.class.php 第 39 行.
NOTIC: [8] Undefined offset:  6 D:\www\wxportal\Modules\C\Action\HandleRequestAction.class.php 第 39 行.

[ 2013-12-24T14:22:21+08:00 ] 127.0.0.1 /index.php/C/HandleRequest/decodeXML
INFO: [ route_check ] --START--
INFO: CheckRoute Behavior ::run [ RunTime:0.003305s ]
INFO: [ route_check ] --END-- [ RunTime:0.003511s ]
INFO: [ app_begin ] --START--
INFO: ReadHtmlCache Behavior ::run [ RunTime:0.002565s ]
INFO: [ app_begin ] --END-- [ RunTime:0.002728s ]

[ 2013-12-24T14:24:09+08:00 ] 127.0.0.1 /index.php/C/HandleRequest/decodeXML
INFO: [ route_check ] --START--
INFO: CheckRoute Behavior ::run [ RunTime:0.000929s ]
INFO: [ route_check ] --END-- [ RunTime:0.001093s ]
INFO: [ app_begin ] --START--
INFO: ReadHtmlCache Behavior ::run [ RunTime:0.001209s ]
INFO: [ app_begin ] --END-- [ RunTime:0.001394s ]

